<?xml version="1.0" encoding="UTF-8"?>
<!-- Generated by org.testng.reporters.JUnitXMLReporter -->
<testsuite ignored="0" hostname="shaikrasool11-testng-cbn9b0qxiri" failures="0" tests="3" name="MacOS Test" time="62.419" errors="0" timestamp="10 Feb 2022 09:29:03 GMT">
  <testcase classname="com.lambdatest.Testng1" name="scenarioOne" time="0.145"/>
  <testcase classname="com.lambdatest.Testng1" name="secondScenario" time="4.334"/>
  <testcase classname="com.lambdatest.Testng1" name="thirdScenario" time="1.888"/>
</testsuite> <!-- MacOS Test -->
