<?xml version="1.0" encoding="UTF-8"?>
<!-- Generated by org.testng.reporters.JUnitXMLReporter -->
<testsuite ignored="0" hostname="jagadesh28-testng-q0zbezadixm" failures="0" tests="3" name="MacOS Test" time="55.645" errors="0" timestamp="09 Feb 2022 04:37:30 GMT">
  <testcase classname="com.lambdatest.Testng1" name="scenarioOne" time="0.2"/>
  <testcase classname="com.lambdatest.Testng1" name="secondScenario" time="5.392"/>
  <testcase classname="com.lambdatest.Testng1" name="thirdScenario" time="2.974"/>
</testsuite> <!-- MacOS Test -->
