<?xml version="1.0" encoding="UTF-8"?>
<!-- Generated by org.testng.reporters.JUnitXMLReporter -->
<testsuite ignored="0" hostname="shaikrasool11-testng-cbn9b0qxiri" failures="0" tests="3" name="Windows 10" time="101.853" errors="0" timestamp="10 Feb 2022 09:29:43 GMT">
  <testcase classname="com.lambdatest.Testng1" name="scenarioOne" time="0.081"/>
  <testcase classname="com.lambdatest.Testng1" name="secondScenario" time="4.635"/>
  <testcase classname="com.lambdatest.Testng1" name="thirdScenario" time="2.855"/>
</testsuite> <!-- Windows 10 -->
