<?xml version="1.0" encoding="UTF-8"?>
<!-- Generated by org.testng.reporters.JUnitXMLReporter -->
<testsuite ignored="0" hostname="shaikrasool11-testng-cbn9b0qxiri" failures="0" tests="3" name="Windows 7 Test" time="61.37" errors="0" timestamp="10 Feb 2022 09:29:02 GMT">
  <testcase classname="com.lambdatest.Testng1" name="scenarioOne" time="0.124"/>
  <testcase classname="com.lambdatest.Testng1" name="secondScenario" time="4.731"/>
  <testcase classname="com.lambdatest.Testng1" name="thirdScenario" time="1.623"/>
</testsuite> <!-- Windows 7 Test -->
