<?xml version="1.0" encoding="UTF-8"?>
<!-- Generated by org.testng.reporters.JUnitXMLReporter -->
<testsuite ignored="0" hostname="jagadesh28-testng-q0zbezadixm" failures="0" tests="3" name="Windows 7 Test" time="90.155" errors="0" timestamp="09 Feb 2022 04:38:04 GMT">
  <testcase classname="com.lambdatest.Testng1" name="scenarioOne" time="0.204"/>
  <testcase classname="com.lambdatest.Testng1" name="secondScenario" time="4.666"/>
  <testcase classname="com.lambdatest.Testng1" name="thirdScenario" time="1.708"/>
</testsuite> <!-- Windows 7 Test -->
