<?xml version="1.0" encoding="UTF-8"?>
<!-- Generated by org.testng.reporters.JUnitXMLReporter -->
<testsuite ignored="0" hostname="jagadesh28-testng-q0zbezadixm" failures="0" tests="3" name="Windows 10 Test" time="91.251" errors="0" timestamp="09 Feb 2022 04:38:05 GMT">
  <testcase classname="com.lambdatest.Testng1" name="scenarioOne" time="0.107"/>
  <testcase classname="com.lambdatest.Testng1" name="secondScenario" time="4.186"/>
  <testcase classname="com.lambdatest.Testng1" name="thirdScenario" time="1.513"/>
</testsuite> <!-- Windows 10 Test -->
