<?xml version="1.0" encoding="UTF-8"?>
<!-- Generated by org.testng.reporters.JUnitXMLReporter -->
<testsuite ignored="0" hostname="jagadesh28-testng-q0zbezadixm" failures="0" tests="3" name="Windows 10" time="109.381" errors="0" timestamp="09 Feb 2022 04:38:24 GMT">
  <testcase classname="com.lambdatest.Testng1" name="scenarioOne" time="0.075"/>
  <testcase classname="com.lambdatest.Testng1" name="secondScenario" time="5.768"/>
  <testcase classname="com.lambdatest.Testng1" name="thirdScenario" time="2.919"/>
</testsuite> <!-- Windows 10 -->
