<?xml version="1.0" encoding="UTF-8"?>
<!-- Generated by org.testng.reporters.JUnitXMLReporter -->
<testsuite ignored="0" hostname="shaikrasool11-testng-cbn9b0qxiri" failures="0" tests="3" name="Windows 10 Test" time="102.815" errors="0" timestamp="10 Feb 2022 09:29:44 GMT">
  <testcase classname="com.lambdatest.Testng1" name="scenarioOne" time="0.095"/>
  <testcase classname="com.lambdatest.Testng1" name="secondScenario" time="4.254"/>
  <testcase classname="com.lambdatest.Testng1" name="thirdScenario" time="1.756"/>
</testsuite> <!-- Windows 10 Test -->
